<?xml version="1.0" encoding="UTF-8"?>
<!-- Generated by org.testng.reporters.JUnitReportReporter -->
<testsuite hostname="Losuinda" failures="0" tests="3" name="testcases.TC00_PaymentTest_EndToEndTests" time="13.583" errors="0" timestamp="2025-01-11T17:35:28 CET" skipped="0">
  <testcase classname="testcases.TC00_PaymentTest_EndToEndTests" name="verifyAddProductToCartAndCheckout" time="9.536"/>
  <testcase classname="testcases.TC00_PaymentTest_EndToEndTests" name="verifyCheckoutProcess" time="1.753"/>
  <testcase classname="testcases.TC00_PaymentTest_EndToEndTests" name="verfiyPaymentMethod" time="2.294"/>
</testsuite> <!-- testcases.TC00_PaymentTest_EndToEndTests -->
