<?xml version="1.0" encoding="UTF-8"?>
<!-- Generated by org.testng.reporters.JUnitReportReporter -->
<testsuite hostname="Losuinda" failures="0" tests="3" name="testcases.TC00_Test_ProductsPage" time="13.313" errors="0" timestamp="2025-01-11T17:27:55 CET" skipped="0">
  <testcase classname="testcases.TC00_Test_ProductsPage" name="verifyAddProductToCartAndCheckout" time="8.981"/>
  <testcase classname="testcases.TC00_Test_ProductsPage" name="verifyCheckoutProcess" time="2.065"/>
  <testcase classname="testcases.TC00_Test_ProductsPage" name="verfiyPaymentMethod" time="2.267"/>
</testsuite> <!-- testcases.TC00_Test_ProductsPage -->
