<?xml version="1.0" encoding="UTF-8"?>
<!-- Generated by org.testng.reporters.JUnitReportReporter -->
<testsuite hostname="Losuinda" failures="0" tests="5" name="testcases.TC001_LoginTestDDT" time="17.666" errors="0" timestamp="2025-01-11T17:35:28 CET" skipped="0">
  <testcase classname="testcases.TC001_LoginTestDDT" name="testHomePage" time="1.181"/>
  <testcase classname="testcases.TC001_LoginTestDDT" name="verify_loginDDT" time="2.100"/>
  <testcase classname="testcases.TC001_LoginTestDDT" name="verify_loginDDT" time="4.642"/>
  <testcase classname="testcases.TC001_LoginTestDDT" name="verify_loginDDT" time="5.252"/>
  <testcase classname="testcases.TC001_LoginTestDDT" name="verify_loginDDT" time="4.491"/>
</testsuite> <!-- testcases.TC001_LoginTestDDT -->
