<?xml version="1.0" encoding="UTF-8"?>
<!-- Generated by org.testng.reporters.JUnitReportReporter -->
<testsuite hostname="Losuinda" failures="0" tests="5" name="testcases.TC001_LoginTestDDT" time="23.144" errors="0" timestamp="2025-01-11T17:46:53 CET" skipped="0">
  <testcase classname="testcases.TC001_LoginTestDDT" name="testHomePage" time="2.291"/>
  <testcase classname="testcases.TC001_LoginTestDDT" name="verify_loginDDT" time="6.174"/>
  <testcase classname="testcases.TC001_LoginTestDDT" name="verify_loginDDT" time="7.941"/>
  <testcase classname="testcases.TC001_LoginTestDDT" name="verify_loginDDT" time="5.779"/>
  <testcase classname="testcases.TC001_LoginTestDDT" name="verify_loginDDT" time="0.959"/>
</testsuite> <!-- testcases.TC001_LoginTestDDT -->
